<?xml version="1.0" encoding="UTF-8"?>
<testng-results skipped="0" failed="0" ignored="0" total="2" passed="2">
  <reporter-output>
  </reporter-output>
  <suite name="Suite" duration-ms="10146" started-at="2017-11-07T08:34:02Z" finished-at="2017-11-07T08:34:12Z">
    <groups>
    </groups>
    <test name="Test" duration-ms="10146" started-at="2017-11-07T08:34:02Z" finished-at="2017-11-07T08:34:12Z">
      <class name="tests.WebTestsInTestNG">
        <test-method status="PASS" signature="setUp()[pri:0, instance:tests.WebTestsInTestNG@eec5a4a]" name="setUp" is-config="true" duration-ms="5373" started-at="2017-11-07T03:34:02Z" finished-at="2017-11-07T03:34:07Z">
          <reporter-output>
          </reporter-output>
        </test-method> <!-- setUp -->
        <test-method status="PASS" signature="displayItems()[pri:1, instance:tests.WebTestsInTestNG@eec5a4a]" name="displayItems" duration-ms="284" started-at="2017-11-07T03:34:07Z" finished-at="2017-11-07T03:34:08Z">
          <reporter-output>
          </reporter-output>
        </test-method> <!-- displayItems -->
        <test-method status="PASS" signature="storFoodItemsAndServings()[pri:2, instance:tests.WebTestsInTestNG@eec5a4a]" name="storFoodItemsAndServings" duration-ms="1090" started-at="2017-11-07T03:34:08Z" finished-at="2017-11-07T03:34:09Z">
          <reporter-output>
          </reporter-output>
        </test-method> <!-- storFoodItemsAndServings -->
        <test-method status="PASS" signature="closeConnection()[pri:0, instance:tests.WebTestsInTestNG@eec5a4a]" name="closeConnection" is-config="true" duration-ms="3353" started-at="2017-11-07T03:34:09Z" finished-at="2017-11-07T03:34:12Z">
          <reporter-output>
          </reporter-output>
        </test-method> <!-- closeConnection -->
      </class> <!-- tests.WebTestsInTestNG -->
    </test> <!-- Test -->
  </suite> <!-- Suite -->
</testng-results>
